2025-12-11T15:08:08.093Z	Initializing build environment...
2025-12-11T15:08:08.093Z	Initializing build environment...
2025-12-11T15:08:09.355Z	Success: Finished initializing build environment
2025-12-11T15:08:10.169Z	Cloning repository...
2025-12-11T15:08:11.870Z	Restoring from dependencies cache
2025-12-11T15:08:11.872Z	Restoring from build output cache
2025-12-11T15:08:11.876Z	Detected the following tools from environment: npm@10.9.2, nodejs@22.16.0
2025-12-11T15:08:12.156Z	Installing project dependencies: npm clean-install --progress=false
2025-12-11T15:08:14.541Z	npm warn deprecated @esbuild-kit/esm-loader@2.6.5: Merged into tsx: https://tsx.is
2025-12-11T15:08:14.553Z	npm warn deprecated @esbuild-kit/core-utils@3.3.2: Merged into tsx: https://tsx.is
2025-12-11T15:08:16.684Z	
2025-12-11T15:08:16.685Z	added 220 packages, and audited 221 packages in 4s
2025-12-11T15:08:16.686Z	
2025-12-11T15:08:16.686Z	26 packages are looking for funding
2025-12-11T15:08:16.686Z	  run `npm fund` for details
2025-12-11T15:08:16.708Z	
2025-12-11T15:08:16.708Z	5 moderate severity vulnerabilities
2025-12-11T15:08:16.708Z	
2025-12-11T15:08:16.708Z	To address all issues (including breaking changes), run:
2025-12-11T15:08:16.708Z	  npm audit fix --force
2025-12-11T15:08:16.708Z	
2025-12-11T15:08:16.708Z	Run `npm audit` for details.
2025-12-11T15:08:16.875Z	Executing user build command: npm run build
2025-12-11T15:08:17.093Z	
2025-12-11T15:08:17.093Z	> impulsive-cc@2.0.0 build
2025-12-11T15:08:17.093Z	> vite build && tsc -p tsconfig.server.json
2025-12-11T15:08:17.093Z	
2025-12-11T15:08:19.266Z	vite v5.4.21 building for production...
2025-12-11T15:08:19.329Z	<script src="matrix.js"> in "/index.html" can't be bundled without type="module" attribute
2025-12-11T15:08:19.331Z	<script src="main.js"> in "/index.html" can't be bundled without type="module" attribute
2025-12-11T15:08:19.331Z	<script src="auth.js"> in "/index.html" can't be bundled without type="module" attribute
2025-12-11T15:08:19.332Z	transforming...
2025-12-11T15:08:19.340Z	âœ“ 2 modules transformed.
2025-12-11T15:08:19.355Z	rendering chunks...
2025-12-11T15:08:19.359Z	computing gzip size...
2025-12-11T15:08:19.365Z	../dist/public/index.html                  4.51 kB â”‚ gzip: 1.49 kB
2025-12-11T15:08:19.367Z	../dist/public/assets/index-DpY9UZR-.css  10.03 kB â”‚ gzip: 2.35 kB
2025-12-11T15:08:19.367Z	âœ“ built in 73ms
2025-12-11T15:08:21.691Z	Success: Build command completed
2025-12-11T15:08:21.800Z	Executing user deploy command: npx wrangler deploy
2025-12-11T15:08:22.668Z	npm warn exec The following package was not found and will be installed: wrangler@4.54.0
2025-12-11T15:08:33.865Z	
2025-12-11T15:08:33.865Z	 â›…ï¸ wrangler 4.54.0
2025-12-11T15:08:33.865Z	â”€â”€â”€â”€â”€â”€â”€â”€â”€â”€â”€â”€â”€â”€â”€â”€â”€â”€â”€
2025-12-11T15:08:33.880Z	
2025-12-11T15:08:33.952Z	âœ˜ [ERROR] Missing entry-point to Worker script or to assets directory
2025-12-11T15:08:33.952Z	
2025-12-11T15:08:33.953Z	  
2025-12-11T15:08:33.953Z	  If there is code to deploy, you can either:
2025-12-11T15:08:33.953Z	  - Specify an entry-point to your Worker script via the command line (ex: `npx wrangler deploy src/index.ts`)
2025-12-11T15:08:33.953Z	  - Or create a "wrangler.jsonc" file containing:
2025-12-11T15:08:33.953Z	  
2025-12-11T15:08:33.953Z	  ```
2025-12-11T15:08:33.953Z	  {
2025-12-11T15:08:33.953Z	    "name": "worker-name",
2025-12-11T15:08:33.953Z	    "compatibility_date": "2025-12-11",
2025-12-11T15:08:33.953Z	    "main": "src/index.ts"
2025-12-11T15:08:33.953Z	  }
2025-12-11T15:08:33.953Z	  ```
2025-12-11T15:08:33.953Z	  
2025-12-11T15:08:33.953Z	  
2025-12-11T15:08:33.953Z	  If are uploading a directory of assets, you can either:
2025-12-11T15:08:33.953Z	  - Specify the path to the directory of assets via the command line: (ex: `npx wrangler deploy --assets=./dist`)
2025-12-11T15:08:33.953Z	  - Or create a "wrangler.jsonc" file containing:
2025-12-11T15:08:33.953Z	  
2025-12-11T15:08:33.953Z	  ```
2025-12-11T15:08:33.953Z	  {
2025-12-11T15:08:33.953Z	    "name": "worker-name",
2025-12-11T15:08:33.953Z	    "compatibility_date": "2025-12-11",
2025-12-11T15:08:33.953Z	    "assets": {
2025-12-11T15:08:33.953Z	      "directory": "./dist"
2025-12-11T15:08:33.953Z	    }
2025-12-11T15:08:33.953Z	  }
2025-12-11T15:08:33.953Z	  ```
2025-12-11T15:08:33.953Z	  
2025-12-11T15:08:33.954Z	
2025-12-11T15:08:33.954Z	
2025-12-11T15:08:33.971Z	
2025-12-11T15:08:33.971Z	Cloudflare collects anonymous telemetry about your usage of Wrangler. Learn more at https://github.com/cloudflare/workers-sdk/tree/main/packages/wrangler/telemetry.md
2025-12-11T15:08:33.985Z	ğŸªµ  Logs were written to "/opt/buildhome/.config/.wrangler/logs/wrangler-2025-12-11_15-08-33_260.log"
2025-12-11T15:08:34.096Z	Failed: error occurred while running deploy command